{"/Users/divya/projects/thenujastore/src/App.tsx": {"path":"/Users/divya/projects/thenujastore/src/App.tsx","statementMap":{"0":{"start":{"line":15,"column":2},"end":{"line":33,"column":4}}},"fnMap":{"0":{"name":"App","decl":{"start":{"line":14,"column":9},"end":{"line":14,"column":12}},"loc":{"start":{"line":14,"column":15},"end":{"line":34,"column":1}},"line":14}},"branchMap":{},"s":{"0":0},"f":{"0":0},"b":{}}
,"/Users/divya/projects/thenujastore/src/index.tsx": {"path":"/Users/divya/projects/thenujastore/src/index.tsx","statementMap":{"0":{"start":{"line":8,"column":13},"end":{"line":10,"column":1}},"1":{"start":{"line":11,"column":0},"end":{"line":17,"column":2}},"2":{"start":{"line":18,"column":0},"end":{"line":18,"column":29}}},"fnMap":{},"branchMap":{},"s":{"0":0,"1":0,"2":0},"f":{},"b":{}}
,"/Users/divya/projects/thenujastore/src/reportWebVitals.ts": {"path":"/Users/divya/projects/thenujastore/src/reportWebVitals.ts","statementMap":{"0":{"start":{"line":3,"column":24},"end":{"line":13,"column":1}},"1":{"start":{"line":4,"column":2},"end":{"line":12,"column":3}},"2":{"start":{"line":5,"column":4},"end":{"line":11,"column":7}},"3":{"start":{"line":6,"column":6},"end":{"line":6,"column":26}},"4":{"start":{"line":7,"column":6},"end":{"line":7,"column":26}},"5":{"start":{"line":8,"column":6},"end":{"line":8,"column":26}},"6":{"start":{"line":9,"column":6},"end":{"line":9,"column":26}},"7":{"start":{"line":10,"column":6},"end":{"line":10,"column":27}}},"fnMap":{"0":{"name":"(anonymous_0)","decl":{"start":{"line":3,"column":24},"end":{"line":3,"column":25}},"loc":{"start":{"line":3,"column":57},"end":{"line":13,"column":1}},"line":3},"1":{"name":"(anonymous_1)","decl":{"start":{"line":5,"column":30},"end":{"line":5,"column":31}},"loc":{"start":{"line":5,"column":79},"end":{"line":11,"column":5}},"line":5}},"branchMap":{"0":{"loc":{"start":{"line":4,"column":2},"end":{"line":12,"column":3}},"type":"if","locations":[{"start":{"line":4,"column":2},"end":{"line":12,"column":3}},{"start":{},"end":{}}],"line":4},"1":{"loc":{"start":{"line":4,"column":6},"end":{"line":4,"column":52}},"type":"binary-expr","locations":[{"start":{"line":4,"column":6},"end":{"line":4,"column":17}},{"start":{"line":4,"column":21},"end":{"line":4,"column":52}}],"line":4}},"s":{"0":0,"1":0,"2":0,"3":0,"4":0,"5":0,"6":0,"7":0},"f":{"0":0,"1":0},"b":{"0":[0,0],"1":[0,0]}}
,"/Users/divya/projects/thenujastore/src/components/bestseller.tsx": {"path":"/Users/divya/projects/thenujastore/src/components/bestseller.tsx","statementMap":{"0":{"start":{"line":13,"column":27},"end":{"line":46,"column":1}},"1":{"start":{"line":14,"column":17},"end":{"line":14,"column":30}},"2":{"start":{"line":15,"column":2},"end":{"line":45,"column":4}},"3":{"start":{"line":22,"column":12},"end":{"line":37,"column":14}},"4":{"start":{"line":30,"column":37},"end":{"line":30,"column":74}},"5":{"start":{"line":41,"column":46},"end":{"line":41,"column":67}},"6":{"start":{"line":48,"column":23},"end":{"line":108,"column":1}}},"fnMap":{"0":{"name":"(anonymous_0)","decl":{"start":{"line":13,"column":27},"end":{"line":13,"column":28}},"loc":{"start":{"line":13,"column":33},"end":{"line":46,"column":1}},"line":13},"1":{"name":"(anonymous_1)","decl":{"start":{"line":21,"column":30},"end":{"line":21,"column":31}},"loc":{"start":{"line":21,"column":43},"end":{"line":38,"column":11}},"line":21},"2":{"name":"(anonymous_2)","decl":{"start":{"line":30,"column":31},"end":{"line":30,"column":32}},"loc":{"start":{"line":30,"column":37},"end":{"line":30,"column":74}},"line":30},"3":{"name":"(anonymous_3)","decl":{"start":{"line":41,"column":40},"end":{"line":41,"column":41}},"loc":{"start":{"line":41,"column":46},"end":{"line":41,"column":67}},"line":41}},"branchMap":{},"s":{"0":0,"1":0,"2":0,"3":0,"4":0,"5":0,"6":0},"f":{"0":0,"1":0,"2":0,"3":0},"b":{}}
,"/Users/divya/projects/thenujastore/src/components/category.tsx": {"path":"/Users/divya/projects/thenujastore/src/components/category.tsx","statementMap":{"0":{"start":{"line":9,"column":24},"end":{"line":73,"column":1}},"1":{"start":{"line":10,"column":17},"end":{"line":10,"column":30}},"2":{"start":{"line":11,"column":2},"end":{"line":72,"column":4}},"3":{"start":{"line":24,"column":33},"end":{"line":24,"column":51}},"4":{"start":{"line":37,"column":33},"end":{"line":37,"column":54}},"5":{"start":{"line":50,"column":33},"end":{"line":50,"column":53}},"6":{"start":{"line":63,"column":33},"end":{"line":63,"column":54}}},"fnMap":{"0":{"name":"(anonymous_0)","decl":{"start":{"line":9,"column":24},"end":{"line":9,"column":25}},"loc":{"start":{"line":9,"column":30},"end":{"line":73,"column":1}},"line":9},"1":{"name":"(anonymous_1)","decl":{"start":{"line":24,"column":27},"end":{"line":24,"column":28}},"loc":{"start":{"line":24,"column":33},"end":{"line":24,"column":51}},"line":24},"2":{"name":"(anonymous_2)","decl":{"start":{"line":37,"column":27},"end":{"line":37,"column":28}},"loc":{"start":{"line":37,"column":33},"end":{"line":37,"column":54}},"line":37},"3":{"name":"(anonymous_3)","decl":{"start":{"line":50,"column":27},"end":{"line":50,"column":28}},"loc":{"start":{"line":50,"column":33},"end":{"line":50,"column":53}},"line":50},"4":{"name":"(anonymous_4)","decl":{"start":{"line":63,"column":27},"end":{"line":63,"column":28}},"loc":{"start":{"line":63,"column":33},"end":{"line":63,"column":54}},"line":63}},"branchMap":{},"s":{"0":0,"1":0,"2":0,"3":0,"4":0,"5":0,"6":0},"f":{"0":0,"1":0,"2":0,"3":0,"4":0},"b":{}}
,"/Users/divya/projects/thenujastore/src/components/collections.tsx": {"path":"/Users/divya/projects/thenujastore/src/components/collections.tsx","statementMap":{"0":{"start":{"line":10,"column":27},"end":{"line":41,"column":1}},"1":{"start":{"line":11,"column":17},"end":{"line":11,"column":30}},"2":{"start":{"line":12,"column":2},"end":{"line":40,"column":4}},"3":{"start":{"line":20,"column":29},"end":{"line":20,"column":56}},"4":{"start":{"line":21,"column":14},"end":{"line":33,"column":16}},"5":{"start":{"line":28,"column":37},"end":{"line":28,"column":55}},"6":{"start":{"line":43,"column":23},"end":{"line":62,"column":1}}},"fnMap":{"0":{"name":"(anonymous_0)","decl":{"start":{"line":10,"column":27},"end":{"line":10,"column":28}},"loc":{"start":{"line":10,"column":33},"end":{"line":41,"column":1}},"line":10},"1":{"name":"(anonymous_1)","decl":{"start":{"line":19,"column":32},"end":{"line":19,"column":33}},"loc":{"start":{"line":19,"column":42},"end":{"line":34,"column":13}},"line":19},"2":{"name":"(anonymous_2)","decl":{"start":{"line":28,"column":31},"end":{"line":28,"column":32}},"loc":{"start":{"line":28,"column":37},"end":{"line":28,"column":55}},"line":28}},"branchMap":{},"s":{"0":0,"1":0,"2":0,"3":0,"4":0,"5":0,"6":0},"f":{"0":0,"1":0,"2":0},"b":{}}
,"/Users/divya/projects/thenujastore/src/components/footer.tsx": {"path":"/Users/divya/projects/thenujastore/src/components/footer.tsx","statementMap":{"0":{"start":{"line":6,"column":22},"end":{"line":56,"column":1}},"1":{"start":{"line":7,"column":17},"end":{"line":7,"column":30}},"2":{"start":{"line":8,"column":2},"end":{"line":55,"column":4}},"3":{"start":{"line":35,"column":31},"end":{"line":35,"column":47}},"4":{"start":{"line":42,"column":31},"end":{"line":42,"column":52}},"5":{"start":{"line":43,"column":31},"end":{"line":43,"column":52}},"6":{"start":{"line":44,"column":31},"end":{"line":44,"column":52}},"7":{"start":{"line":45,"column":31},"end":{"line":45,"column":49}}},"fnMap":{"0":{"name":"(anonymous_0)","decl":{"start":{"line":6,"column":22},"end":{"line":6,"column":23}},"loc":{"start":{"line":6,"column":28},"end":{"line":56,"column":1}},"line":6},"1":{"name":"(anonymous_1)","decl":{"start":{"line":35,"column":25},"end":{"line":35,"column":26}},"loc":{"start":{"line":35,"column":31},"end":{"line":35,"column":47}},"line":35},"2":{"name":"(anonymous_2)","decl":{"start":{"line":42,"column":25},"end":{"line":42,"column":26}},"loc":{"start":{"line":42,"column":31},"end":{"line":42,"column":52}},"line":42},"3":{"name":"(anonymous_3)","decl":{"start":{"line":43,"column":25},"end":{"line":43,"column":26}},"loc":{"start":{"line":43,"column":31},"end":{"line":43,"column":52}},"line":43},"4":{"name":"(anonymous_4)","decl":{"start":{"line":44,"column":25},"end":{"line":44,"column":26}},"loc":{"start":{"line":44,"column":31},"end":{"line":44,"column":52}},"line":44},"5":{"name":"(anonymous_5)","decl":{"start":{"line":45,"column":25},"end":{"line":45,"column":26}},"loc":{"start":{"line":45,"column":31},"end":{"line":45,"column":49}},"line":45}},"branchMap":{},"s":{"0":0,"1":0,"2":0,"3":0,"4":0,"5":0,"6":0,"7":0},"f":{"0":0,"1":0,"2":0,"3":0,"4":0,"5":0},"b":{}}
,"/Users/divya/projects/thenujastore/src/components/hero.tsx": {"path":"/Users/divya/projects/thenujastore/src/components/hero.tsx","statementMap":{"0":{"start":{"line":7,"column":17},"end":{"line":7,"column":22}},"1":{"start":{"line":9,"column":20},"end":{"line":73,"column":1}},"2":{"start":{"line":10,"column":2},"end":{"line":72,"column":4}}},"fnMap":{"0":{"name":"(anonymous_0)","decl":{"start":{"line":9,"column":20},"end":{"line":9,"column":21}},"loc":{"start":{"line":9,"column":26},"end":{"line":73,"column":1}},"line":9}},"branchMap":{},"s":{"0":2,"1":2,"2":6},"f":{"0":6},"b":{},"_coverageSchema":"1a1c01bbd47fc00a2c39e90264f33305004495a9","hash":"e8b5024991560cfe67eae4c56dcac21a5f561f01"}
,"/Users/divya/projects/thenujastore/src/components/navbar.tsx": {"path":"/Users/divya/projects/thenujastore/src/components/navbar.tsx","statementMap":{"0":{"start":{"line":11,"column":22},"end":{"line":109,"column":1}},"1":{"start":{"line":12,"column":19},"end":{"line":12,"column":32}},"2":{"start":{"line":14,"column":2},"end":{"line":108,"column":4}},"3":{"start":{"line":18,"column":37},"end":{"line":18,"column":50}},"4":{"start":{"line":33,"column":61},"end":{"line":33,"column":74}},"5":{"start":{"line":41,"column":33},"end":{"line":41,"column":54}},"6":{"start":{"line":48,"column":33},"end":{"line":48,"column":54}},"7":{"start":{"line":55,"column":33},"end":{"line":55,"column":54}},"8":{"start":{"line":62,"column":33},"end":{"line":62,"column":51}},"9":{"start":{"line":72,"column":33},"end":{"line":72,"column":54}},"10":{"start":{"line":79,"column":33},"end":{"line":79,"column":54}},"11":{"start":{"line":86,"column":33},"end":{"line":86,"column":54}},"12":{"start":{"line":103,"column":27},"end":{"line":103,"column":44}}},"fnMap":{"0":{"name":"(anonymous_0)","decl":{"start":{"line":11,"column":22},"end":{"line":11,"column":23}},"loc":{"start":{"line":11,"column":28},"end":{"line":109,"column":1}},"line":11},"1":{"name":"(anonymous_1)","decl":{"start":{"line":18,"column":31},"end":{"line":18,"column":32}},"loc":{"start":{"line":18,"column":37},"end":{"line":18,"column":50}},"line":18},"2":{"name":"(anonymous_2)","decl":{"start":{"line":33,"column":55},"end":{"line":33,"column":56}},"loc":{"start":{"line":33,"column":61},"end":{"line":33,"column":74}},"line":33},"3":{"name":"(anonymous_3)","decl":{"start":{"line":41,"column":27},"end":{"line":41,"column":28}},"loc":{"start":{"line":41,"column":33},"end":{"line":41,"column":54}},"line":41},"4":{"name":"(anonymous_4)","decl":{"start":{"line":48,"column":27},"end":{"line":48,"column":28}},"loc":{"start":{"line":48,"column":33},"end":{"line":48,"column":54}},"line":48},"5":{"name":"(anonymous_5)","decl":{"start":{"line":55,"column":27},"end":{"line":55,"column":28}},"loc":{"start":{"line":55,"column":33},"end":{"line":55,"column":54}},"line":55},"6":{"name":"(anonymous_6)","decl":{"start":{"line":62,"column":27},"end":{"line":62,"column":28}},"loc":{"start":{"line":62,"column":33},"end":{"line":62,"column":51}},"line":62},"7":{"name":"(anonymous_7)","decl":{"start":{"line":72,"column":27},"end":{"line":72,"column":28}},"loc":{"start":{"line":72,"column":33},"end":{"line":72,"column":54}},"line":72},"8":{"name":"(anonymous_8)","decl":{"start":{"line":79,"column":27},"end":{"line":79,"column":28}},"loc":{"start":{"line":79,"column":33},"end":{"line":79,"column":54}},"line":79},"9":{"name":"(anonymous_9)","decl":{"start":{"line":86,"column":27},"end":{"line":86,"column":28}},"loc":{"start":{"line":86,"column":33},"end":{"line":86,"column":54}},"line":86},"10":{"name":"(anonymous_10)","decl":{"start":{"line":103,"column":21},"end":{"line":103,"column":22}},"loc":{"start":{"line":103,"column":27},"end":{"line":103,"column":44}},"line":103}},"branchMap":{},"s":{"0":0,"1":0,"2":0,"3":0,"4":0,"5":0,"6":0,"7":0,"8":0,"9":0,"10":0,"11":0,"12":0},"f":{"0":0,"1":0,"2":0,"3":0,"4":0,"5":0,"6":0,"7":0,"8":0,"9":0,"10":0},"b":{}}
,"/Users/divya/projects/thenujastore/src/components/product.tsx": {"path":"/Users/divya/projects/thenujastore/src/components/product.tsx","statementMap":{"0":{"start":{"line":18,"column":23},"end":{"line":88,"column":1}},"1":{"start":{"line":19,"column":26},"end":{"line":19,"column":37}},"2":{"start":{"line":20,"column":18},"end":{"line":20,"column":77}},"3":{"start":{"line":20,"column":48},"end":{"line":20,"column":76}},"4":{"start":{"line":21,"column":51},"end":{"line":21,"column":74}},"5":{"start":{"line":22,"column":2},"end":{"line":87,"column":3}},"6":{"start":{"line":23,"column":4},"end":{"line":84,"column":6}},"7":{"start":{"line":38,"column":48},"end":{"line":38,"column":70}},"8":{"start":{"line":41,"column":35},"end":{"line":41,"column":53}},"9":{"start":{"line":51,"column":37},"end":{"line":51,"column":60}},"10":{"start":{"line":58,"column":54},"end":{"line":58,"column":76}},"11":{"start":{"line":66,"column":37},"end":{"line":66,"column":55}},"12":{"start":{"line":86,"column":4},"end":{"line":86,"column":38}},"13":{"start":{"line":90,"column":27},"end":{"line":174,"column":1}}},"fnMap":{"0":{"name":"(anonymous_0)","decl":{"start":{"line":18,"column":23},"end":{"line":18,"column":24}},"loc":{"start":{"line":18,"column":29},"end":{"line":88,"column":1}},"line":18},"1":{"name":"(anonymous_1)","decl":{"start":{"line":20,"column":35},"end":{"line":20,"column":36}},"loc":{"start":{"line":20,"column":48},"end":{"line":20,"column":76}},"line":20},"2":{"name":"(anonymous_2)","decl":{"start":{"line":38,"column":33},"end":{"line":38,"column":34}},"loc":{"start":{"line":38,"column":48},"end":{"line":38,"column":70}},"line":38},"3":{"name":"(anonymous_3)","decl":{"start":{"line":41,"column":29},"end":{"line":41,"column":30}},"loc":{"start":{"line":41,"column":35},"end":{"line":41,"column":53}},"line":41},"4":{"name":"(anonymous_4)","decl":{"start":{"line":51,"column":31},"end":{"line":51,"column":32}},"loc":{"start":{"line":51,"column":37},"end":{"line":51,"column":60}},"line":51},"5":{"name":"(anonymous_5)","decl":{"start":{"line":58,"column":39},"end":{"line":58,"column":40}},"loc":{"start":{"line":58,"column":54},"end":{"line":58,"column":76}},"line":58},"6":{"name":"(anonymous_6)","decl":{"start":{"line":66,"column":31},"end":{"line":66,"column":32}},"loc":{"start":{"line":66,"column":37},"end":{"line":66,"column":55}},"line":66}},"branchMap":{"0":{"loc":{"start":{"line":22,"column":2},"end":{"line":87,"column":3}},"type":"if","locations":[{"start":{"line":22,"column":2},"end":{"line":87,"column":3}},{"start":{"line":85,"column":9},"end":{"line":87,"column":3}}],"line":22},"1":{"loc":{"start":{"line":38,"column":17},"end":{"line":69,"column":17}},"type":"cond-expr","locations":[{"start":{"line":39,"column":18},"end":{"line":44,"column":27}},{"start":{"line":46,"column":18},"end":{"line":68,"column":24}}],"line":38}},"s":{"0":0,"1":0,"2":0,"3":0,"4":0,"5":0,"6":0,"7":0,"8":0,"9":0,"10":0,"11":0,"12":0,"13":0},"f":{"0":0,"1":0,"2":0,"3":0,"4":0,"5":0,"6":0},"b":{"0":[0,0],"1":[0,0]}}
,"/Users/divya/projects/thenujastore/src/components/quantifier.tsx": {"path":"/Users/divya/projects/thenujastore/src/components/quantifier.tsx","statementMap":{"0":{"start":{"line":6,"column":26},"end":{"line":23,"column":1}},"1":{"start":{"line":7,"column":28},"end":{"line":7,"column":47}},"2":{"start":{"line":9,"column":2},"end":{"line":22,"column":4}},"3":{"start":{"line":17,"column":25},"end":{"line":17,"column":59}}},"fnMap":{"0":{"name":"(anonymous_0)","decl":{"start":{"line":6,"column":26},"end":{"line":6,"column":27}},"loc":{"start":{"line":6,"column":32},"end":{"line":23,"column":1}},"line":6},"1":{"name":"(anonymous_1)","decl":{"start":{"line":17,"column":18},"end":{"line":17,"column":19}},"loc":{"start":{"line":17,"column":25},"end":{"line":17,"column":59}},"line":17}},"branchMap":{},"s":{"0":0,"1":0,"2":0,"3":0},"f":{"0":0,"1":0},"b":{}}
,"/Users/divya/projects/thenujastore/src/components/social.tsx": {"path":"/Users/divya/projects/thenujastore/src/components/social.tsx","statementMap":{"0":{"start":{"line":3,"column":22},"end":{"line":10,"column":1}},"1":{"start":{"line":4,"column":2},"end":{"line":9,"column":4}}},"fnMap":{"0":{"name":"(anonymous_0)","decl":{"start":{"line":3,"column":22},"end":{"line":3,"column":23}},"loc":{"start":{"line":3,"column":28},"end":{"line":10,"column":1}},"line":3}},"branchMap":{},"s":{"0":0,"1":0},"f":{"0":0},"b":{}}
,"/Users/divya/projects/thenujastore/src/components/spotlight.tsx": {"path":"/Users/divya/projects/thenujastore/src/components/spotlight.tsx","statementMap":{"0":{"start":{"line":6,"column":25},"end":{"line":25,"column":1}},"1":{"start":{"line":7,"column":19},"end":{"line":7,"column":32}},"2":{"start":{"line":8,"column":2},"end":{"line":24,"column":4}},"3":{"start":{"line":19,"column":35},"end":{"line":19,"column":79}}},"fnMap":{"0":{"name":"(anonymous_0)","decl":{"start":{"line":6,"column":25},"end":{"line":6,"column":26}},"loc":{"start":{"line":6,"column":31},"end":{"line":25,"column":1}},"line":6},"1":{"name":"(anonymous_1)","decl":{"start":{"line":19,"column":29},"end":{"line":19,"column":30}},"loc":{"start":{"line":19,"column":35},"end":{"line":19,"column":79}},"line":19}},"branchMap":{},"s":{"0":0,"1":0,"2":0,"3":0},"f":{"0":0,"1":0},"b":{}}
,"/Users/divya/projects/thenujastore/src/components/successModal.tsx": {"path":"/Users/divya/projects/thenujastore/src/components/successModal.tsx","statementMap":{"0":{"start":{"line":6,"column":28},"end":{"line":33,"column":1}},"1":{"start":{"line":7,"column":19},"end":{"line":7,"column":32}},"2":{"start":{"line":8,"column":24},"end":{"line":8,"column":47}},"3":{"start":{"line":9,"column":20},"end":{"line":12,"column":3}},"4":{"start":{"line":10,"column":4},"end":{"line":10,"column":22}},"5":{"start":{"line":11,"column":4},"end":{"line":11,"column":16}},"6":{"start":{"line":14,"column":2},"end":{"line":32,"column":4}},"7":{"start":{"line":16,"column":46},"end":{"line":16,"column":57}}},"fnMap":{"0":{"name":"(anonymous_0)","decl":{"start":{"line":6,"column":28},"end":{"line":6,"column":29}},"loc":{"start":{"line":6,"column":44},"end":{"line":33,"column":1}},"line":6},"1":{"name":"(anonymous_1)","decl":{"start":{"line":9,"column":20},"end":{"line":9,"column":21}},"loc":{"start":{"line":9,"column":26},"end":{"line":12,"column":3}},"line":9},"2":{"name":"(anonymous_2)","decl":{"start":{"line":16,"column":40},"end":{"line":16,"column":41}},"loc":{"start":{"line":16,"column":46},"end":{"line":16,"column":57}},"line":16}},"branchMap":{},"s":{"0":0,"1":0,"2":0,"3":0,"4":0,"5":0,"6":0,"7":0},"f":{"0":0,"1":0,"2":0},"b":{}}
,"/Users/divya/projects/thenujastore/src/components/suggestions.tsx": {"path":"/Users/divya/projects/thenujastore/src/components/suggestions.tsx","statementMap":{"0":{"start":{"line":6,"column":29},"end":{"line":10,"column":1}},"1":{"start":{"line":7,"column":35},"end":{"line":7,"column":36}},"2":{"start":{"line":8,"column":19},"end":{"line":8,"column":62}},"3":{"start":{"line":8,"column":42},"end":{"line":8,"column":61}},"4":{"start":{"line":9,"column":2},"end":{"line":9,"column":45}},"5":{"start":{"line":12,"column":27},"end":{"line":43,"column":1}},"6":{"start":{"line":13,"column":19},"end":{"line":13,"column":32}},"7":{"start":{"line":14,"column":26},"end":{"line":14,"column":48}},"8":{"start":{"line":15,"column":2},"end":{"line":42,"column":4}},"9":{"start":{"line":22,"column":12},"end":{"line":37,"column":14}},"10":{"start":{"line":30,"column":37},"end":{"line":30,"column":56}}},"fnMap":{"0":{"name":"(anonymous_0)","decl":{"start":{"line":6,"column":29},"end":{"line":6,"column":30}},"loc":{"start":{"line":6,"column":35},"end":{"line":10,"column":1}},"line":6},"1":{"name":"(anonymous_1)","decl":{"start":{"line":8,"column":36},"end":{"line":8,"column":37}},"loc":{"start":{"line":8,"column":42},"end":{"line":8,"column":61}},"line":8},"2":{"name":"(anonymous_2)","decl":{"start":{"line":12,"column":27},"end":{"line":12,"column":28}},"loc":{"start":{"line":12,"column":33},"end":{"line":43,"column":1}},"line":12},"3":{"name":"(anonymous_3)","decl":{"start":{"line":21,"column":33},"end":{"line":21,"column":34}},"loc":{"start":{"line":21,"column":43},"end":{"line":38,"column":11}},"line":21},"4":{"name":"(anonymous_4)","decl":{"start":{"line":30,"column":31},"end":{"line":30,"column":32}},"loc":{"start":{"line":30,"column":37},"end":{"line":30,"column":56}},"line":30}},"branchMap":{},"s":{"0":0,"1":0,"2":0,"3":0,"4":0,"5":0,"6":0,"7":0,"8":0,"9":0,"10":0},"f":{"0":0,"1":0,"2":0,"3":0,"4":0},"b":{}}
,"/Users/divya/projects/thenujastore/src/components/testimonials.tsx": {"path":"/Users/divya/projects/thenujastore/src/components/testimonials.tsx","statementMap":{"0":{"start":{"line":15,"column":36},"end":{"line":46,"column":1}},"1":{"start":{"line":48,"column":28},"end":{"line":105,"column":1}},"2":{"start":{"line":49,"column":28},"end":{"line":49,"column":59}},"3":{"start":{"line":50,"column":23},"end":{"line":63,"column":3}},"4":{"start":{"line":51,"column":30},"end":{"line":53,"column":5}},"5":{"start":{"line":52,"column":16},"end":{"line":52,"column":36}},"6":{"start":{"line":55,"column":4},"end":{"line":62,"column":5}},"7":{"start":{"line":57,"column":8},"end":{"line":57,"column":79}},"8":{"start":{"line":58,"column":6},"end":{"line":58,"column":44}},"9":{"start":{"line":60,"column":24},"end":{"line":60,"column":69}},"10":{"start":{"line":61,"column":6},"end":{"line":61,"column":40}},"11":{"start":{"line":65,"column":2},"end":{"line":104,"column":4}},"12":{"start":{"line":79,"column":31},"end":{"line":79,"column":51}},"13":{"start":{"line":85,"column":31},"end":{"line":85,"column":52}}},"fnMap":{"0":{"name":"(anonymous_0)","decl":{"start":{"line":48,"column":28},"end":{"line":48,"column":29}},"loc":{"start":{"line":48,"column":34},"end":{"line":105,"column":1}},"line":48},"1":{"name":"(anonymous_1)","decl":{"start":{"line":50,"column":23},"end":{"line":50,"column":24}},"loc":{"start":{"line":50,"column":46},"end":{"line":63,"column":3}},"line":50},"2":{"name":"(anonymous_2)","decl":{"start":{"line":52,"column":6},"end":{"line":52,"column":7}},"loc":{"start":{"line":52,"column":16},"end":{"line":52,"column":36}},"line":52},"3":{"name":"(anonymous_3)","decl":{"start":{"line":79,"column":25},"end":{"line":79,"column":26}},"loc":{"start":{"line":79,"column":31},"end":{"line":79,"column":51}},"line":79},"4":{"name":"(anonymous_4)","decl":{"start":{"line":85,"column":25},"end":{"line":85,"column":26}},"loc":{"start":{"line":85,"column":31},"end":{"line":85,"column":52}},"line":85}},"branchMap":{"0":{"loc":{"start":{"line":55,"column":4},"end":{"line":62,"column":5}},"type":"if","locations":[{"start":{"line":55,"column":4},"end":{"line":62,"column":5}},{"start":{"line":59,"column":11},"end":{"line":62,"column":5}}],"line":55},"1":{"loc":{"start":{"line":57,"column":8},"end":{"line":57,"column":79}},"type":"cond-expr","locations":[{"start":{"line":57,"column":32},"end":{"line":57,"column":53}},{"start":{"line":57,"column":56},"end":{"line":57,"column":79}}],"line":57}},"s":{"0":0,"1":0,"2":0,"3":0,"4":0,"5":0,"6":0,"7":0,"8":0,"9":0,"10":0,"11":0,"12":0,"13":0},"f":{"0":0,"1":0,"2":0,"3":0,"4":0},"b":{"0":[0,0],"1":[0,0]}}
,"/Users/divya/projects/thenujastore/src/pages/allProducts.tsx": {"path":"/Users/divya/projects/thenujastore/src/pages/allProducts.tsx","statementMap":{"0":{"start":{"line":15,"column":27},"end":{"line":48,"column":1}},"1":{"start":{"line":16,"column":19},"end":{"line":16,"column":32}},"2":{"start":{"line":17,"column":2},"end":{"line":47,"column":4}},"3":{"start":{"line":25,"column":14},"end":{"line":40,"column":16}},"4":{"start":{"line":33,"column":39},"end":{"line":33,"column":76}},"5":{"start":{"line":50,"column":27},"end":{"line":134,"column":1}}},"fnMap":{"0":{"name":"(anonymous_0)","decl":{"start":{"line":15,"column":27},"end":{"line":15,"column":28}},"loc":{"start":{"line":15,"column":33},"end":{"line":48,"column":1}},"line":15},"1":{"name":"(anonymous_1)","decl":{"start":{"line":24,"column":29},"end":{"line":24,"column":30}},"loc":{"start":{"line":24,"column":42},"end":{"line":41,"column":13}},"line":24},"2":{"name":"(anonymous_2)","decl":{"start":{"line":33,"column":33},"end":{"line":33,"column":34}},"loc":{"start":{"line":33,"column":39},"end":{"line":33,"column":76}},"line":33}},"branchMap":{},"s":{"0":0,"1":0,"2":0,"3":0,"4":0,"5":0},"f":{"0":0,"1":0,"2":0},"b":{}}
,"/Users/divya/projects/thenujastore/src/pages/faq.tsx": {"path":"/Users/divya/projects/thenujastore/src/pages/faq.tsx","statementMap":{"0":{"start":{"line":6,"column":19},"end":{"line":53,"column":1}},"1":{"start":{"line":7,"column":2},"end":{"line":52,"column":4}}},"fnMap":{"0":{"name":"(anonymous_0)","decl":{"start":{"line":6,"column":19},"end":{"line":6,"column":20}},"loc":{"start":{"line":6,"column":25},"end":{"line":53,"column":1}},"line":6}},"branchMap":{},"s":{"0":0,"1":0},"f":{"0":0},"b":{}}
,"/Users/divya/projects/thenujastore/src/pages/landingPage.tsx": {"path":"/Users/divya/projects/thenujastore/src/pages/landingPage.tsx","statementMap":{"0":{"start":{"line":10,"column":27},"end":{"line":22,"column":1}},"1":{"start":{"line":11,"column":2},"end":{"line":21,"column":4}}},"fnMap":{"0":{"name":"(anonymous_0)","decl":{"start":{"line":10,"column":27},"end":{"line":10,"column":28}},"loc":{"start":{"line":10,"column":33},"end":{"line":22,"column":1}},"line":10}},"branchMap":{},"s":{"0":0,"1":0},"f":{"0":0},"b":{}}
,"/Users/divya/projects/thenujastore/src/pages/showCategory.tsx": {"path":"/Users/divya/projects/thenujastore/src/pages/showCategory.tsx","statementMap":{"0":{"start":{"line":13,"column":28},"end":{"line":49,"column":1}},"1":{"start":{"line":14,"column":19},"end":{"line":14,"column":32}},"2":{"start":{"line":15,"column":23},"end":{"line":15,"column":34}},"3":{"start":{"line":17,"column":23},"end":{"line":19,"column":3}},"4":{"start":{"line":18,"column":17},"end":{"line":18,"column":46}},"5":{"start":{"line":21,"column":16},"end":{"line":21,"column":39}},"6":{"start":{"line":22,"column":2},"end":{"line":48,"column":4}},"7":{"start":{"line":29,"column":12},"end":{"line":42,"column":14}},"8":{"start":{"line":36,"column":35},"end":{"line":36,"column":54}},"9":{"start":{"line":51,"column":20},"end":{"line":135,"column":1}}},"fnMap":{"0":{"name":"(anonymous_0)","decl":{"start":{"line":13,"column":28},"end":{"line":13,"column":29}},"loc":{"start":{"line":13,"column":34},"end":{"line":49,"column":1}},"line":13},"1":{"name":"(anonymous_1)","decl":{"start":{"line":18,"column":4},"end":{"line":18,"column":5}},"loc":{"start":{"line":18,"column":17},"end":{"line":18,"column":46}},"line":18},"2":{"name":"(anonymous_2)","decl":{"start":{"line":28,"column":28},"end":{"line":28,"column":29}},"loc":{"start":{"line":28,"column":38},"end":{"line":43,"column":11}},"line":28},"3":{"name":"(anonymous_3)","decl":{"start":{"line":36,"column":29},"end":{"line":36,"column":30}},"loc":{"start":{"line":36,"column":35},"end":{"line":36,"column":54}},"line":36}},"branchMap":{},"s":{"0":0,"1":0,"2":0,"3":0,"4":0,"5":0,"6":0,"7":0,"8":0,"9":0},"f":{"0":0,"1":0,"2":0,"3":0},"b":{}}
,"/Users/divya/projects/thenujastore/src/pages/showCollection.tsx": {"path":"/Users/divya/projects/thenujastore/src/pages/showCollection.tsx","statementMap":{"0":{"start":{"line":10,"column":30},"end":{"line":55,"column":1}},"1":{"start":{"line":11,"column":30},"end":{"line":11,"column":32}},"2":{"start":{"line":12,"column":14},"end":{"line":12,"column":16}},"3":{"start":{"line":13,"column":19},"end":{"line":13,"column":41}},"4":{"start":{"line":14,"column":2},"end":{"line":23,"column":3}},"5":{"start":{"line":15,"column":4},"end":{"line":15,"column":24}},"6":{"start":{"line":16,"column":4},"end":{"line":16,"column":35}},"7":{"start":{"line":17,"column":9},"end":{"line":23,"column":3}},"8":{"start":{"line":18,"column":4},"end":{"line":18,"column":22}},"9":{"start":{"line":19,"column":4},"end":{"line":19,"column":33}},"10":{"start":{"line":20,"column":9},"end":{"line":23,"column":3}},"11":{"start":{"line":21,"column":4},"end":{"line":21,"column":28}},"12":{"start":{"line":22,"column":4},"end":{"line":22,"column":32}},"13":{"start":{"line":24,"column":19},"end":{"line":24,"column":32}},"14":{"start":{"line":26,"column":2},"end":{"line":54,"column":4}},"15":{"start":{"line":34,"column":14},"end":{"line":47,"column":16}},"16":{"start":{"line":41,"column":37},"end":{"line":41,"column":56}},"17":{"start":{"line":57,"column":22},"end":{"line":82,"column":1}},"18":{"start":{"line":84,"column":20},"end":{"line":109,"column":1}},"19":{"start":{"line":111,"column":19},"end":{"line":136,"column":1}}},"fnMap":{"0":{"name":"(anonymous_0)","decl":{"start":{"line":10,"column":30},"end":{"line":10,"column":31}},"loc":{"start":{"line":10,"column":36},"end":{"line":55,"column":1}},"line":10},"1":{"name":"(anonymous_1)","decl":{"start":{"line":33,"column":32},"end":{"line":33,"column":33}},"loc":{"start":{"line":33,"column":42},"end":{"line":48,"column":13}},"line":33},"2":{"name":"(anonymous_2)","decl":{"start":{"line":41,"column":31},"end":{"line":41,"column":32}},"loc":{"start":{"line":41,"column":37},"end":{"line":41,"column":56}},"line":41}},"branchMap":{"0":{"loc":{"start":{"line":14,"column":2},"end":{"line":23,"column":3}},"type":"if","locations":[{"start":{"line":14,"column":2},"end":{"line":23,"column":3}},{"start":{"line":17,"column":9},"end":{"line":23,"column":3}}],"line":14},"1":{"loc":{"start":{"line":17,"column":9},"end":{"line":23,"column":3}},"type":"if","locations":[{"start":{"line":17,"column":9},"end":{"line":23,"column":3}},{"start":{"line":20,"column":9},"end":{"line":23,"column":3}}],"line":17},"2":{"loc":{"start":{"line":20,"column":9},"end":{"line":23,"column":3}},"type":"if","locations":[{"start":{"line":20,"column":9},"end":{"line":23,"column":3}},{"start":{},"end":{}}],"line":20}},"s":{"0":0,"1":0,"2":0,"3":0,"4":0,"5":0,"6":0,"7":0,"8":0,"9":0,"10":0,"11":0,"12":0,"13":0,"14":0,"15":0,"16":0,"17":0,"18":0,"19":0},"f":{"0":0,"1":0,"2":0},"b":{"0":[0,0],"1":[0,0],"2":[0,0]}}
,"/Users/divya/projects/thenujastore/src/pages/Cart/cart.tsx": {"path":"/Users/divya/projects/thenujastore/src/pages/Cart/cart.tsx","statementMap":{"0":{"start":{"line":13,"column":20},"end":{"line":150,"column":1}},"1":{"start":{"line":14,"column":19},"end":{"line":14,"column":32}},"2":{"start":{"line":16,"column":4},"end":{"line":16,"column":27}},"3":{"start":{"line":17,"column":19},"end":{"line":17,"column":32}},"4":{"start":{"line":18,"column":46},"end":{"line":18,"column":61}},"5":{"start":{"line":19,"column":36},"end":{"line":19,"column":51}},"6":{"start":{"line":20,"column":2},"end":{"line":28,"column":24}},"7":{"start":{"line":21,"column":25},"end":{"line":21,"column":61}},"8":{"start":{"line":22,"column":27},"end":{"line":22,"column":62}},"9":{"start":{"line":23,"column":4},"end":{"line":27,"column":5}},"10":{"start":{"line":24,"column":6},"end":{"line":24,"column":30}},"11":{"start":{"line":25,"column":6},"end":{"line":25,"column":18}},"12":{"start":{"line":26,"column":6},"end":{"line":26,"column":25}},"13":{"start":{"line":29,"column":2},"end":{"line":149,"column":4}},"14":{"start":{"line":66,"column":12},"end":{"line":113,"column":15}},"15":{"start":{"line":90,"column":37},"end":{"line":90,"column":57}},"16":{"start":{"line":102,"column":37},"end":{"line":102,"column":52}},"17":{"start":{"line":116,"column":57},"end":{"line":116,"column":76}},"18":{"start":{"line":130,"column":33},"end":{"line":130,"column":54}}},"fnMap":{"0":{"name":"(anonymous_0)","decl":{"start":{"line":13,"column":20},"end":{"line":13,"column":21}},"loc":{"start":{"line":13,"column":26},"end":{"line":150,"column":1}},"line":13},"1":{"name":"(anonymous_1)","decl":{"start":{"line":20,"column":12},"end":{"line":20,"column":13}},"loc":{"start":{"line":20,"column":18},"end":{"line":28,"column":3}},"line":20},"2":{"name":"(anonymous_2)","decl":{"start":{"line":65,"column":25},"end":{"line":65,"column":26}},"loc":{"start":{"line":66,"column":12},"end":{"line":113,"column":15}},"line":66},"3":{"name":"(anonymous_3)","decl":{"start":{"line":90,"column":31},"end":{"line":90,"column":32}},"loc":{"start":{"line":90,"column":37},"end":{"line":90,"column":57}},"line":90},"4":{"name":"(anonymous_4)","decl":{"start":{"line":102,"column":31},"end":{"line":102,"column":32}},"loc":{"start":{"line":102,"column":37},"end":{"line":102,"column":52}},"line":102},"5":{"name":"(anonymous_5)","decl":{"start":{"line":116,"column":51},"end":{"line":116,"column":52}},"loc":{"start":{"line":116,"column":57},"end":{"line":116,"column":76}},"line":116},"6":{"name":"(anonymous_6)","decl":{"start":{"line":130,"column":27},"end":{"line":130,"column":28}},"loc":{"start":{"line":130,"column":33},"end":{"line":130,"column":54}},"line":130}},"branchMap":{"0":{"loc":{"start":{"line":23,"column":4},"end":{"line":27,"column":5}},"type":"if","locations":[{"start":{"line":23,"column":4},"end":{"line":27,"column":5}},{"start":{},"end":{}}],"line":23},"1":{"loc":{"start":{"line":33,"column":9},"end":{"line":63,"column":16}},"type":"cond-expr","locations":[{"start":{"line":34,"column":10},"end":{"line":62,"column":13}},{"start":{"line":63,"column":12},"end":{"line":63,"column":16}}],"line":33},"2":{"loc":{"start":{"line":115,"column":11},"end":{"line":117,"column":18}},"type":"cond-expr","locations":[{"start":{"line":116,"column":12},"end":{"line":116,"column":80}},{"start":{"line":117,"column":14},"end":{"line":117,"column":18}}],"line":115},"3":{"loc":{"start":{"line":118,"column":11},"end":{"line":143,"column":11}},"type":"cond-expr","locations":[{"start":{"line":119,"column":12},"end":{"line":135,"column":18}},{"start":{"line":137,"column":12},"end":{"line":142,"column":18}}],"line":118}},"s":{"0":0,"1":0,"2":0,"3":0,"4":0,"5":0,"6":0,"7":0,"8":0,"9":0,"10":0,"11":0,"12":0,"13":0,"14":0,"15":0,"16":0,"17":0,"18":0},"f":{"0":0,"1":0,"2":0,"3":0,"4":0,"5":0,"6":0},"b":{"0":[0,0],"1":[0,0],"2":[0,0],"3":[0,0]}}
,"/Users/divya/projects/thenujastore/src/pages/Cart/cartContext.tsx": {"path":"/Users/divya/projects/thenujastore/src/pages/Cart/cartContext.tsx","statementMap":{"0":{"start":{"line":3,"column":27},"end":{"line":3,"column":51}},"1":{"start":{"line":5,"column":28},"end":{"line":82,"column":1}},"2":{"start":{"line":6,"column":26},"end":{"line":6,"column":59}},"3":{"start":{"line":7,"column":37},"end":{"line":9,"column":8}},"4":{"start":{"line":11,"column":36},"end":{"line":11,"column":72}},"5":{"start":{"line":13,"column":20},"end":{"line":29,"column":3}},"6":{"start":{"line":14,"column":25},"end":{"line":16,"column":5}},"7":{"start":{"line":15,"column":25},"end":{"line":15,"column":48}},"8":{"start":{"line":18,"column":4},"end":{"line":28,"column":5}},"9":{"start":{"line":19,"column":6},"end":{"line":25,"column":8}},"10":{"start":{"line":21,"column":10},"end":{"line":23,"column":22}},"11":{"start":{"line":27,"column":6},"end":{"line":27,"column":61}},"12":{"start":{"line":31,"column":25},"end":{"line":45,"column":3}},"13":{"start":{"line":32,"column":4},"end":{"line":44,"column":5}},"14":{"start":{"line":33,"column":6},"end":{"line":35,"column":8}},"15":{"start":{"line":34,"column":44},"end":{"line":34,"column":67}},"16":{"start":{"line":37,"column":6},"end":{"line":43,"column":8}},"17":{"start":{"line":39,"column":10},"end":{"line":41,"column":22}},"18":{"start":{"line":47,"column":20},"end":{"line":49,"column":3}},"19":{"start":{"line":48,"column":4},"end":{"line":48,"column":21}},"20":{"start":{"line":51,"column":23},"end":{"line":56,"column":3}},"21":{"start":{"line":52,"column":4},"end":{"line":55,"column":6}},"22":{"start":{"line":53,"column":36},"end":{"line":53,"column":70}},"23":{"start":{"line":58,"column":2},"end":{"line":60,"column":18}},"24":{"start":{"line":59,"column":4},"end":{"line":59,"column":65}},"25":{"start":{"line":62,"column":2},"end":{"line":67,"column":9}},"26":{"start":{"line":63,"column":22},"end":{"line":63,"column":55}},"27":{"start":{"line":64,"column":4},"end":{"line":66,"column":5}},"28":{"start":{"line":65,"column":6},"end":{"line":65,"column":42}},"29":{"start":{"line":69,"column":2},"end":{"line":81,"column":4}}},"fnMap":{"0":{"name":"(anonymous_0)","decl":{"start":{"line":5,"column":28},"end":{"line":5,"column":29}},"loc":{"start":{"line":5,"column":77},"end":{"line":82,"column":1}},"line":5},"1":{"name":"(anonymous_1)","decl":{"start":{"line":13,"column":20},"end":{"line":13,"column":21}},"loc":{"start":{"line":13,"column":35},"end":{"line":29,"column":3}},"line":13},"2":{"name":"(anonymous_2)","decl":{"start":{"line":15,"column":6},"end":{"line":15,"column":7}},"loc":{"start":{"line":15,"column":25},"end":{"line":15,"column":48}},"line":15},"3":{"name":"(anonymous_3)","decl":{"start":{"line":20,"column":22},"end":{"line":20,"column":23}},"loc":{"start":{"line":21,"column":10},"end":{"line":23,"column":22}},"line":21},"4":{"name":"(anonymous_4)","decl":{"start":{"line":31,"column":25},"end":{"line":31,"column":26}},"loc":{"start":{"line":31,"column":40},"end":{"line":45,"column":3}},"line":31},"5":{"name":"(anonymous_5)","decl":{"start":{"line":34,"column":25},"end":{"line":34,"column":26}},"loc":{"start":{"line":34,"column":44},"end":{"line":34,"column":67}},"line":34},"6":{"name":"(anonymous_6)","decl":{"start":{"line":38,"column":22},"end":{"line":38,"column":23}},"loc":{"start":{"line":39,"column":10},"end":{"line":41,"column":22}},"line":39},"7":{"name":"(anonymous_7)","decl":{"start":{"line":47,"column":20},"end":{"line":47,"column":21}},"loc":{"start":{"line":47,"column":26},"end":{"line":49,"column":3}},"line":47},"8":{"name":"(anonymous_8)","decl":{"start":{"line":51,"column":23},"end":{"line":51,"column":24}},"loc":{"start":{"line":51,"column":29},"end":{"line":56,"column":3}},"line":51},"9":{"name":"(anonymous_9)","decl":{"start":{"line":53,"column":6},"end":{"line":53,"column":7}},"loc":{"start":{"line":53,"column":36},"end":{"line":53,"column":70}},"line":53},"10":{"name":"(anonymous_10)","decl":{"start":{"line":58,"column":12},"end":{"line":58,"column":13}},"loc":{"start":{"line":58,"column":18},"end":{"line":60,"column":3}},"line":58},"11":{"name":"(anonymous_11)","decl":{"start":{"line":62,"column":12},"end":{"line":62,"column":13}},"loc":{"start":{"line":62,"column":18},"end":{"line":67,"column":3}},"line":62}},"branchMap":{"0":{"loc":{"start":{"line":7,"column":37},"end":{"line":9,"column":8}},"type":"cond-expr","locations":[{"start":{"line":8,"column":6},"end":{"line":8,"column":33}},{"start":{"line":9,"column":6},"end":{"line":9,"column":8}}],"line":7},"1":{"loc":{"start":{"line":18,"column":4},"end":{"line":28,"column":5}},"type":"if","locations":[{"start":{"line":18,"column":4},"end":{"line":28,"column":5}},{"start":{"line":26,"column":11},"end":{"line":28,"column":5}}],"line":18},"2":{"loc":{"start":{"line":21,"column":10},"end":{"line":23,"column":22}},"type":"cond-expr","locations":[{"start":{"line":22,"column":14},"end":{"line":22,"column":62}},{"start":{"line":23,"column":14},"end":{"line":23,"column":22}}],"line":21},"3":{"loc":{"start":{"line":32,"column":4},"end":{"line":44,"column":5}},"type":"if","locations":[{"start":{"line":32,"column":4},"end":{"line":44,"column":5}},{"start":{"line":36,"column":11},"end":{"line":44,"column":5}}],"line":32},"4":{"loc":{"start":{"line":39,"column":10},"end":{"line":41,"column":22}},"type":"cond-expr","locations":[{"start":{"line":40,"column":14},"end":{"line":40,"column":62}},{"start":{"line":41,"column":14},"end":{"line":41,"column":22}}],"line":39},"5":{"loc":{"start":{"line":64,"column":4},"end":{"line":66,"column":5}},"type":"if","locations":[{"start":{"line":64,"column":4},"end":{"line":66,"column":5}},{"start":{},"end":{}}],"line":64}},"s":{"0":0,"1":0,"2":0,"3":0,"4":0,"5":0,"6":0,"7":0,"8":0,"9":0,"10":0,"11":0,"12":0,"13":0,"14":0,"15":0,"16":0,"17":0,"18":0,"19":0,"20":0,"21":0,"22":0,"23":0,"24":0,"25":0,"26":0,"27":0,"28":0,"29":0},"f":{"0":0,"1":0,"2":0,"3":0,"4":0,"5":0,"6":0,"7":0,"8":0,"9":0,"10":0,"11":0},"b":{"0":[0,0],"1":[0,0],"2":[0,0],"3":[0,0],"4":[0,0],"5":[0,0]}}
,"/Users/divya/projects/thenujastore/src/pages/Checkout/checkout.tsx": {"path":"/Users/divya/projects/thenujastore/src/pages/Checkout/checkout.tsx","statementMap":{"0":{"start":{"line":7,"column":17},"end":{"line":25,"column":1}},"1":{"start":{"line":8,"column":24},"end":{"line":10,"column":3}},"2":{"start":{"line":12,"column":18},"end":{"line":16,"column":3}},"3":{"start":{"line":18,"column":2},"end":{"line":24,"column":4}}},"fnMap":{"0":{"name":"(anonymous_0)","decl":{"start":{"line":7,"column":17},"end":{"line":7,"column":18}},"loc":{"start":{"line":7,"column":35},"end":{"line":25,"column":1}},"line":7}},"branchMap":{},"s":{"0":0,"1":0,"2":0,"3":0},"f":{"0":0},"b":{}}
,"/Users/divya/projects/thenujastore/src/pages/Checkout/checkoutForm.tsx": {"path":"/Users/divya/projects/thenujastore/src/pages/Checkout/checkoutForm.tsx","statementMap":{"0":{"start":{"line":11,"column":28},"end":{"line":108,"column":1}},"1":{"start":{"line":12,"column":20},"end":{"line":12,"column":43}},"2":{"start":{"line":13,"column":17},"end":{"line":13,"column":28}},"3":{"start":{"line":14,"column":19},"end":{"line":14,"column":32}},"4":{"start":{"line":16,"column":42},"end":{"line":16,"column":54}},"5":{"start":{"line":17,"column":38},"end":{"line":17,"column":50}},"6":{"start":{"line":19,"column":21},"end":{"line":19,"column":65}},"7":{"start":{"line":21,"column":23},"end":{"line":63,"column":3}},"8":{"start":{"line":22,"column":4},"end":{"line":22,"column":27}},"9":{"start":{"line":24,"column":4},"end":{"line":26,"column":5}},"10":{"start":{"line":25,"column":6},"end":{"line":25,"column":13}},"11":{"start":{"line":28,"column":35},"end":{"line":28,"column":58}},"12":{"start":{"line":29,"column":4},"end":{"line":32,"column":5}},"13":{"start":{"line":30,"column":6},"end":{"line":30,"column":43}},"14":{"start":{"line":31,"column":6},"end":{"line":31,"column":13}},"15":{"start":{"line":34,"column":18},"end":{"line":34,"column":20}},"16":{"start":{"line":35,"column":16},"end":{"line":46,"column":6}},"17":{"start":{"line":48,"column":44},"end":{"line":48,"column":60}},"18":{"start":{"line":50,"column":22},"end":{"line":56,"column":6}},"19":{"start":{"line":58,"column":4},"end":{"line":62,"column":5}},"20":{"start":{"line":59,"column":6},"end":{"line":59,"column":57}},"21":{"start":{"line":61,"column":6},"end":{"line":61,"column":18}},"22":{"start":{"line":65,"column":2},"end":{"line":107,"column":4}},"23":{"start":{"line":68,"column":57},"end":{"line":68,"column":76}},"24":{"start":{"line":76,"column":31},"end":{"line":76,"column":60}}},"fnMap":{"0":{"name":"(anonymous_0)","decl":{"start":{"line":11,"column":28},"end":{"line":11,"column":29}},"loc":{"start":{"line":11,"column":34},"end":{"line":108,"column":1}},"line":11},"1":{"name":"(anonymous_1)","decl":{"start":{"line":21,"column":23},"end":{"line":21,"column":24}},"loc":{"start":{"line":21,"column":68},"end":{"line":63,"column":3}},"line":21},"2":{"name":"(anonymous_2)","decl":{"start":{"line":68,"column":18},"end":{"line":68,"column":19}},"loc":{"start":{"line":68,"column":57},"end":{"line":68,"column":76}},"line":68},"3":{"name":"(anonymous_3)","decl":{"start":{"line":76,"column":24},"end":{"line":76,"column":25}},"loc":{"start":{"line":76,"column":31},"end":{"line":76,"column":60}},"line":76}},"branchMap":{"0":{"loc":{"start":{"line":24,"column":4},"end":{"line":26,"column":5}},"type":"if","locations":[{"start":{"line":24,"column":4},"end":{"line":26,"column":5}},{"start":{},"end":{}}],"line":24},"1":{"loc":{"start":{"line":24,"column":8},"end":{"line":24,"column":42}},"type":"binary-expr","locations":[{"start":{"line":24,"column":8},"end":{"line":24,"column":24}},{"start":{"line":24,"column":28},"end":{"line":24,"column":42}}],"line":24},"2":{"loc":{"start":{"line":29,"column":4},"end":{"line":32,"column":5}},"type":"if","locations":[{"start":{"line":29,"column":4},"end":{"line":32,"column":5}},{"start":{},"end":{}}],"line":29},"3":{"loc":{"start":{"line":58,"column":4},"end":{"line":62,"column":5}},"type":"if","locations":[{"start":{"line":58,"column":4},"end":{"line":62,"column":5}},{"start":{"line":60,"column":11},"end":{"line":62,"column":5}}],"line":58},"4":{"loc":{"start":{"line":59,"column":22},"end":{"line":59,"column":55}},"type":"binary-expr","locations":[{"start":{"line":59,"column":22},"end":{"line":59,"column":35}},{"start":{"line":59,"column":39},"end":{"line":59,"column":55}}],"line":59},"5":{"loc":{"start":{"line":90,"column":20},"end":{"line":90,"column":40}},"type":"binary-expr","locations":[{"start":{"line":90,"column":20},"end":{"line":90,"column":27}},{"start":{"line":90,"column":31},"end":{"line":90,"column":40}}],"line":90},"6":{"loc":{"start":{"line":94,"column":9},"end":{"line":94,"column":76}},"type":"binary-expr","locations":[{"start":{"line":94,"column":9},"end":{"line":94,"column":21}},{"start":{"line":94,"column":25},"end":{"line":94,"column":76}}],"line":94}},"s":{"0":0,"1":0,"2":0,"3":0,"4":0,"5":0,"6":0,"7":0,"8":0,"9":0,"10":0,"11":0,"12":0,"13":0,"14":0,"15":0,"16":0,"17":0,"18":0,"19":0,"20":0,"21":0,"22":0,"23":0,"24":0},"f":{"0":0,"1":0,"2":0,"3":0},"b":{"0":[0,0],"1":[0,0],"2":[0,0],"3":[0,0],"4":[0,0],"5":[0,0],"6":[0,0]}}
}
